# JRE version: Java(TM) SE Runtime Environment (8.0_181-b13) (build 1.8.0_181-b13)
# Java VM: Dynamic Code Evolution 64-Bit Server VM (25.71-b01-dcevmlight-26 mixed mode windows-amd64 compressed oops)
Heap:
 def new generation   total 78144K, used 40223K [0x00000006c3800000, 0x00000006c8cc0000, 0x0000000717aa0000)
  eden space 69504K,  57% used [0x00000006c3800000, 0x00000006c5f47d28, 0x00000006c7be0000)
  from space 8640K,   0% used [0x00000006c8450000, 0x00000006c8450000, 0x00000006c8cc0000)
  to   space 8640K,   0% used [0x00000006c7be0000, 0x00000006c7be0000, 0x00000006c8450000)
 tenured generation   total 173440K, used 18389K [0x0000000717aa0000, 0x0000000722400000, 0x00000007c0000000)
   the space 173440K,  10% used [0x0000000717aa0000, 0x0000000718c956e8, 0x0000000718c95800, 0x0000000722400000)
 Metaspace       used 37172K, capacity 39604K, committed 39896K, reserved 1083392K
  class space    used 4926K, capacity 5332K, committed 5376K, reserved 1048576K
GC Heap History (10 events):
Event: 3.088 GC heap before
{Heap before GC invocations=1 (full 0):
 def new generation   total 78016K, used 35006K [0x00000006c3800000, 0x00000006c8ca0000, 0x0000000717aa0000)
  eden space 69376K,  38% used [0x00000006c3800000, 0x00000006c51bfbd8, 0x00000006c7bc0000)
  from space 8640K, 100% used [0x00000006c8430000, 0x00000006c8ca0000, 0x00000006c8ca0000)
  to   space 8640K,   0% used [0x00000006c7bc0000, 0x00000006c7bc0000, 0x00000006c8430000)
 tenured generation   total 173440K, used 1686K [0x0000000717aa0000, 0x0000000722400000, 0x00000007c0000000)
   the space 173440K,   0% used [0x0000000717aa0000, 0x0000000717c45aa0, 0x0000000717c45c00, 0x0000000722400000)
 Metaspace       used 20407K, capacity 21168K, committed 21248K, reserved 1067008K
  class space    used 2609K, capacity 2784K, committed 2816K, reserved 1048576K
Event: 3.135 GC heap after
Heap after GC invocations=2 (full 1):
 def new generation   total 78144K, used 0K [0x00000006c3800000, 0x00000006c8cc0000, 0x0000000717aa0000)
  eden space 69504K,   0% used [0x00000006c3800000, 0x00000006c3800000, 0x00000006c7be0000)
  from space 8640K,   0% used [0x00000006c7be0000, 0x00000006c7be0000, 0x00000006c8450000)
  to   space 8640K,   0% used [0x00000006c8450000, 0x00000006c8450000, 0x00000006c8cc0000)
 tenured generation   total 173440K, used 8918K [0x0000000717aa0000, 0x0000000722400000, 0x00000007c0000000)
   the space 173440K,   5% used [0x0000000717aa0000, 0x0000000718355a88, 0x0000000718355c00, 0x0000000722400000)
 Metaspace       used 20407K, capacity 21168K, committed 21248K, reserved 1067008K
  class space    used 2609K, capacity 2784K, committed 2816K, reserved 1048576K
}
Event: 3.318 GC heap before
{Heap before GC invocations=2 (full 1):
 def new generation   total 78144K, used 69497K [0x00000006c3800000, 0x00000006c8cc0000, 0x0000000717aa0000)
  eden space 69504K,  99% used [0x00000006c3800000, 0x00000006c7bde758, 0x00000006c7be0000)
  from space 8640K,   0% used [0x00000006c7be0000, 0x00000006c7be0000, 0x00000006c8450000)
  to   space 8640K,   0% used [0x00000006c8450000, 0x00000006c8450000, 0x00000006c8cc0000)
 tenured generation   total 173440K, used 8918K [0x0000000717aa0000, 0x0000000722400000, 0x00000007c0000000)
   the space 173440K,   5% used [0x0000000717aa0000, 0x0000000718355a88, 0x0000000718355c00, 0x0000000722400000)
 Metaspace       used 20979K, capacity 21802K, committed 22144K, reserved 1069056K
  class space    used 2683K, capacity 2859K, committed 2944K, reserved 1048576K
Event: 3.323 GC heap after
Heap after GC invocations=3 (full 1):
 def new generation   total 78144K, used 1793K [0x00000006c3800000, 0x00000006c8cc0000, 0x0000000717aa0000)
  eden space 69504K,   0% used [0x00000006c3800000, 0x00000006c3800000, 0x00000006c7be0000)
  from space 8640K,  20% used [0x00000006c8450000, 0x00000006c8610508, 0x00000006c8cc0000)
  to   space 8640K,   0% used [0x00000006c7be0000, 0x00000006c7be0000, 0x00000006c8450000)
 tenured generation   total 173440K, used 8918K [0x0000000717aa0000, 0x0000000722400000, 0x00000007c0000000)
   the space 173440K,   5% used [0x0000000717aa0000, 0x0000000718355a88, 0x0000000718355c00, 0x0000000722400000)
 Metaspace       used 20979K, capacity 21802K, committed 22144K, reserved 1069056K
  class space    used 2683K, capacity 2859K, committed 2944K, reserved 1048576K
}
Event: 4.552 GC heap before
{Heap before GC invocations=3 (full 1):
 def new generation   total 78144K, used 71297K [0x00000006c3800000, 0x00000006c8cc0000, 0x0000000717aa0000)
  eden space 69504K, 100% used [0x00000006c3800000, 0x00000006c7be0000, 0x00000006c7be0000)
  from space 8640K,  20% used [0x00000006c8450000, 0x00000006c8610508, 0x00000006c8cc0000)
  to   space 8640K,   0% used [0x00000006c7be0000, 0x00000006c7be0000, 0x00000006c8450000)
 tenured generation   total 173440K, used 8918K [0x0000000717aa0000, 0x0000000722400000, 0x00000007c0000000)
   the space 173440K,   5% used [0x0000000717aa0000, 0x0000000718355a88, 0x0000000718355c00, 0x0000000722400000)
 Metaspace       used 24341K, capacity 25456K, committed 25600K, reserved 1071104K
  class space    used 3105K, capacity 3308K, committed 3328K, reserved 1048576K
Event: 4.576 GC heap after
Heap after GC invocations=4 (full 1):
 def new generation   total 78144K, used 7169K [0x00000006c3800000, 0x00000006c8cc0000, 0x0000000717aa0000)
  eden space 69504K,   0% used [0x00000006c3800000, 0x00000006c3800000, 0x00000006c7be0000)
  from space 8640K,  82% used [0x00000006c7be0000, 0x00000006c82e05b0, 0x00000006c8450000)
  to   space 8640K,   0% used [0x00000006c8450000, 0x00000006c8450000, 0x00000006c8cc0000)
 tenured generation   total 173440K, used 8918K [0x0000000717aa0000, 0x0000000722400000, 0x00000007c0000000)
   the space 173440K,   5% used [0x0000000717aa0000, 0x0000000718355a88, 0x0000000718355c00, 0x0000000722400000)
 Metaspace       used 24341K, capacity 25456K, committed 25600K, reserved 1071104K
  class space    used 3105K, capacity 3308K, committed 3328K, reserved 1048576K
}
Event: 8.695 GC heap before
{Heap before GC invocations=4 (full 1):
 def new generation   total 78144K, used 76673K [0x00000006c3800000, 0x00000006c8cc0000, 0x0000000717aa0000)
  eden space 69504K, 100% used [0x00000006c3800000, 0x00000006c7be0000, 0x00000006c7be0000)
  from space 8640K,  82% used [0x00000006c7be0000, 0x00000006c82e05b0, 0x00000006c8450000)
  to   space 8640K,   0% used [0x00000006c8450000, 0x00000006c8450000, 0x00000006c8cc0000)
 tenured generation   total 173440K, used 8918K [0x0000000717aa0000, 0x0000000722400000, 0x00000007c0000000)
   the space 173440K,   5% used [0x0000000717aa0000, 0x0000000718355a88, 0x0000000718355c00, 0x0000000722400000)
 Metaspace       used 31509K, capacity 33400K, committed 33664K, reserved 1079296K
  class space    used 4138K, capacity 4454K, committed 4480K, reserved 1048576K
Event: 8.738 GC heap after
Heap after GC invocations=5 (full 1):
 def new generation   total 78144K, used 8640K [0x00000006c3800000, 0x00000006c8cc0000, 0x0000000717aa0000)
  eden space 69504K,   0% used [0x00000006c3800000, 0x00000006c3800000, 0x00000006c7be0000)
  from space 8640K, 100% used [0x00000006c8450000, 0x00000006c8cc0000, 0x00000006c8cc0000)
  to   space 8640K,   0% used [0x00000006c7be0000, 0x00000006c7be0000, 0x00000006c8450000)
 tenured generation   total 173440K, used 12561K [0x0000000717aa0000, 0x0000000722400000, 0x00000007c0000000)
   the space 173440K,   7% used [0x0000000717aa0000, 0x00000007186e4778, 0x00000007186e4800, 0x0000000722400000)
 Metaspace       used 31509K, capacity 33400K, committed 33664K, reserved 1079296K
  class space    used 4138K, capacity 4454K, committed 4480K, reserved 1048576K
}
Event: 9.129 GC heap before
{Heap before GC invocations=5 (full 1):
 def new generation   total 78144K, used 20436K [0x00000006c3800000, 0x00000006c8cc0000, 0x0000000717aa0000)
  eden space 69504K,  16% used [0x00000006c3800000, 0x00000006c43851f8, 0x00000006c7be0000)
  from space 8640K, 100% used [0x00000006c8450000, 0x00000006c8cc0000, 0x00000006c8cc0000)
  to   space 8640K,   0% used [0x00000006c7be0000, 0x00000006c7be0000, 0x00000006c8450000)
 tenured generation   total 173440K, used 12561K [0x0000000717aa0000, 0x0000000722400000, 0x00000007c0000000)
   the space 173440K,   7% used [0x0000000717aa0000, 0x00000007186e4778, 0x00000007186e4800, 0x0000000722400000)
 Metaspace       used 33442K, capacity 35368K, committed 35416K, reserved 1079296K
  class space    used 4394K, capacity 4730K, committed 4736K, reserved 1048576K
Event: 9.228 GC heap after
Heap after GC invocations=6 (full 2):
 def new generation   total 78144K, used 0K [0x00000006c3800000, 0x00000006c8cc0000, 0x0000000717aa0000)
  eden space 69504K,   0% used [0x00000006c3800000, 0x00000006c3800000, 0x00000006c7be0000)
  from space 8640K,   0% used [0x00000006c8450000, 0x00000006c8450000, 0x00000006c8cc0000)
  to   space 8640K,   0% used [0x00000006c7be0000, 0x00000006c7be0000, 0x00000006c8450000)
 tenured generation   total 173440K, used 18389K [0x0000000717aa0000, 0x0000000722400000, 0x00000007c0000000)
   the space 173440K,  10% used [0x0000000717aa0000, 0x0000000718c956e8, 0x0000000718c95800, 0x0000000722400000)
 Metaspace       used 33442K, capacity 35368K, committed 35416K, reserved 1079296K
  class space    used 4394K, capacity 4730K, committed 4736K, reserved 1048576K
}

